#0 building with "default" instance using docker driver

#1 [internal] load build definition from Dockerfile
#1 transferring dockerfile: 440B done
#1 DONE 0.0s

#2 [auth] library/python:pull token for registry-1.docker.io
#2 DONE 0.0s

#3 [internal] load metadata for docker.io/library/python:3.10-slim
#3 DONE 1.8s

#4 [internal] load .dockerignore
#4 transferring context: 2B done
#4 DONE 0.0s

#5 [1/4] FROM docker.io/library/python:3.10-slim@sha256:4bd9a0e5da619b155a214342bb4fdc774a947fec9061016a123fa4073431c9cb
#5 DONE 0.0s

#6 [internal] load build context
#6 transferring context: 1.94kB done
#6 DONE 0.0s

#7 [2/4] WORKDIR /app_py_docker_k8s/todolist
#7 CACHED

#8 [3/4] COPY . /app
#8 DONE 0.0s

#9 [4/4] RUN pip install --no-cache-dir -r ./src/requirements.txt
#9 1.184 ERROR: Could not open requirements file: [Errno 2] No such file or directory: './src/requirements.txt'
#9 1.296 
#9 1.296 [notice] A new release of pip is available: 23.0.1 -> 24.0
#9 1.296 [notice] To update, run: pip install --upgrade pip
#9 ERROR: process "/bin/sh -c pip install --no-cache-dir -r ./src/requirements.txt" did not complete successfully: exit code: 1
------
 > [4/4] RUN pip install --no-cache-dir -r ./src/requirements.txt:
1.184 ERROR: Could not open requirements file: [Errno 2] No such file or directory: './src/requirements.txt'
1.296 
1.296 [notice] A new release of pip is available: 23.0.1 -> 24.0
1.296 [notice] To update, run: pip install --upgrade pip
------
Dockerfile:11
--------------------
   9 |     
  10 |     # Zainstaluj zależności Pythona
  11 | >>> RUN pip install --no-cache-dir -r ./src/requirements.txt
  12 |     
  13 |     # Ustaw domyślną komendę do uruchomienia aplikacji Flask
--------------------
ERROR: failed to solve: process "/bin/sh -c pip install --no-cache-dir -r ./src/requirements.txt" did not complete successfully: exit code: 1
